\BOOKMARK [0][]{chapter*.2}{\376\377\213\321\200\005\166\204\213\335}{}% 1
\BOOKMARK [0][]{chapter*.3}{\376\377\213\321\124\015\210\150}{}% 2
\BOOKMARK [0][]{chapter*.4}{\376\377\136\217}{}% 3
\BOOKMARK [1][]{section*.5}{\376\377\116\011\162\110\226\104\212\000}{chapter*.4}% 4
\BOOKMARK [0][]{chapter*.6}{\376\377\122\115\212\000}{}% 5
\BOOKMARK [1][]{section*.7}{\376\377\166\356\150\007}{chapter*.6}% 6
\BOOKMARK [1][]{section*.8}{\376\377\176\304\176\307}{chapter*.6}% 7
\BOOKMARK [1][]{section*.9}{\376\377\165\050\154\325}{chapter*.6}% 8
\BOOKMARK [0][]{chapter*.10}{\376\377\201\364\214\042}{}% 9
\BOOKMARK [0][]{chapter.1}{\376\377\0001\000\040\137\122\176\263\137\017\145\160\143\156\226\306}{}% 10
\BOOKMARK [1][]{section.1.1}{\376\377\0001\000.\0001\000\040\220\022\143\250\133\232\116\111\166\204\145\160\143\156}{chapter.1}% 11
\BOOKMARK [2][]{subsection.1.1.1}{\376\377\0001\000.\0001\000.\0001\000\040\137\122\176\263\133\232\116\111\154\325}{section.1.1}% 12
\BOOKMARK [2][]{subsection.1.1.2}{\376\377\0001\000.\0001\000.\0002\000\040\213\355\154\325\133\232\116\111\154\325}{section.1.1}% 13
\BOOKMARK [2][]{subsection.1.1.3}{\376\377\0001\000.\0001\000.\0003\000\040\137\122\176\263\213\301\146\016\154\325}{section.1.1}% 14
\BOOKMARK [1][]{section.1.2}{\376\377\0001\000.\0002\000\040\143\250\133\374\220\022\137\122\172\013\136\217}{chapter.1}% 15
\BOOKMARK [2][]{subsection.1.2.1}{\376\377\0001\000.\0002\000.\0001\000\040\000l\000i\000s\000t\000-\000l\000e\000n\000g\000t\000h}{section.1.2}% 16
\BOOKMARK [2][]{subsection.1.2.2}{\376\377\0001\000.\0002\000.\0002\000\040\000n\000t\000h\000-\000e\000l\000e\000m\000e\000n\000t}{section.1.2}% 17
\BOOKMARK [2][]{subsection.1.2.3}{\376\377\0001\000.\0002\000.\0003\000\040\000r\000e\000m\000o\000v\000e\000-\000f\000i\000r\000s\000t}{section.1.2}% 18
\BOOKMARK [2][]{subsection.1.2.4}{\376\377\0001\000.\0002\000.\0004\000\040\000o\000c\000c\000u\000r\000s\000-\000f\000r\000e\000e\000?}{section.1.2}% 19
\BOOKMARK [2][]{subsection.1.2.5}{\376\377\0001\000.\0002\000.\0005\000\040\000s\000u\000b\000s\000t}{section.1.2}% 20
\BOOKMARK [1][]{section.1.3}{\376\377\0001\000.\0003\000\040\217\205\122\251\217\307\172\013\124\214\116\012\116\013\145\207\123\302\145\160}{chapter.1}% 21
\BOOKMARK [1][]{section.1.4}{\376\377\0001\000.\0004\000\040\176\303\116\140}{chapter.1}% 22
\BOOKMARK [0][]{chapter.2}{\376\377\0002\000\040\145\160\143\156\142\275\214\141}{}% 23
\BOOKMARK [1][]{section.2.1}{\376\377\0002\000.\0001\000\040\165\050\143\245\123\343\133\232\116\111\145\160\143\156}{chapter.2}% 24
\BOOKMARK [1][]{section.2.2}{\376\377\0002\000.\0002\000\040\145\160\143\156\174\173\127\213\166\204\210\150\171\072\173\126\165\145}{chapter.2}% 25
\BOOKMARK [2][]{subsection.2.2.1}{\376\377\0002\000.\0002\000.\0001\000\040\163\257\130\203\166\204\143\245\123\343}{section.2.2}% 26
\BOOKMARK [2][]{subsection.2.2.2}{\376\377\0002\000.\0002\000.\0002\000\040\145\160\143\156\176\323\147\204\210\150\171\072\154\325}{section.2.2}% 27
\BOOKMARK [2][]{subsection.2.2.3}{\376\377\0002\000.\0002\000.\0003\000\040\217\307\172\013\210\150\171\072\154\325}{section.2.2}% 28
\BOOKMARK [1][]{section.2.3}{\376\377\0002\000.\0003\000\040\220\022\143\250\145\160\143\156\174\173\127\213\166\204\143\245\123\343}{chapter.2}% 29
\BOOKMARK [1][]{section.2.4}{\376\377\0002\000.\0004\000\040\133\232\116\111\220\022\143\250\145\160\143\156\174\173\127\213\166\204\135\345\121\167}{chapter.2}% 30
\BOOKMARK [1][]{section.2.5}{\376\377\0002\000.\0005\000\040\142\275\214\141\213\355\154\325\123\312\121\166\210\150\171\072}{chapter.2}% 31
\BOOKMARK [0][]{chapter.3}{\376\377\0003\000\040\210\150\217\276\137\017}{}% 32
\BOOKMARK [1][]{section.3.1}{\376\377\0003\000.\0001\000\040\211\304\203\003\124\214\133\236\163\260\173\126\165\145}{chapter.3}% 33
\BOOKMARK [1][]{section.3.2}{\376\377\0003\000.\0002\000\040\000L\000E\000T\377\032\116\000\225\350\173\200\123\125\213\355\212\000}{chapter.3}% 34
\BOOKMARK [2][]{subsection.3.2.1}{\376\377\0003\000.\0002\000.\0001\000\040\133\232\116\111\213\355\154\325}{section.3.2}% 35
\BOOKMARK [2][]{subsection.3.2.2}{\376\377\0003\000.\0002\000.\0002\000\040\133\232\116\111\120\074}{section.3.2}% 36
\BOOKMARK [2][]{subsection.3.2.3}{\376\377\0003\000.\0002\000.\0003\000\040\163\257\130\203}{section.3.2}% 37
\BOOKMARK [2][]{subsection.3.2.4}{\376\377\0003\000.\0002\000.\0004\000\040\133\232\116\111\210\150\217\276\137\017\166\204\210\114\116\072}{section.3.2}% 38
\BOOKMARK [2][]{subsection.3.2.5}{\376\377\0003\000.\0002\000.\0005\000\040\133\232\116\111\172\013\136\217\166\204\210\114\116\072}{section.3.2}% 39
\BOOKMARK [2][]{subsection.3.2.6}{\376\377\0003\000.\0002\000.\0006\000\040\133\232\116\111\147\141\116\366}{section.3.2}% 40
\BOOKMARK [2][]{subsection.3.2.7}{\376\377\0003\000.\0002\000.\0007\000\040\133\232\116\111\000\040\000l\000e\000t}{section.3.2}% 41
\BOOKMARK [2][]{subsection.3.2.8}{\376\377\0003\000.\0002\000.\0008\000\040\133\236\163\260\000\040\000L\000E\000T\000\040\211\304\203\003}{section.3.2}% 42
\BOOKMARK [1][]{section.3.3}{\376\377\0003\000.\0003\000\040\000P\000R\000O\000C\377\032\147\011\217\307\172\013\166\204\213\355\212\000}{chapter.3}% 43
\BOOKMARK [2][]{subsection.3.3.1}{\376\377\0003\000.\0003\000.\0001\000\040\116\000\116\052\117\213\133\120}{section.3.3}% 44
\BOOKMARK [2][]{subsection.3.3.2}{\376\377\0003\000.\0003\000.\0002\000\040\210\150\171\072\217\307\172\013}{section.3.3}% 45
\BOOKMARK [1][]{section.3.4}{\376\377\0003\000.\0004\000\040\000L\000E\000T\000R\000E\000C\377\032\145\057\143\001\220\022\137\122\217\307\172\013\166\204\213\355\212\000}{chapter.3}% 46
\BOOKMARK [1][]{section.3.5}{\376\377\0003\000.\0005\000\040\133\232\165\114\124\214\123\330\221\317\176\321\133\232}{chapter.3}% 47
\BOOKMARK [1][]{section.3.6}{\376\377\0003\000.\0006\000\040\155\210\226\144\123\330\221\317\124\015}{chapter.3}% 48
\BOOKMARK [1][]{section.3.7}{\376\377\0003\000.\0007\000\040\133\236\163\260\213\315\154\325\127\060\127\100}{chapter.3}% 49
\BOOKMARK [2][]{subsection.3.7.1}{\376\377\0003\000.\0007\000.\0001\000\040\177\373\213\321\126\150}{section.3.7}% 50
\BOOKMARK [2][]{subsection.3.7.2}{\376\377\0003\000.\0007\000.\0002\000\040\145\340\124\015\211\343\221\312\126\150}{section.3.7}% 51
\BOOKMARK [0][]{chapter.4}{\376\377\0004\000\040\162\266\140\001}{}% 52
\BOOKMARK [1][]{section.4.1}{\376\377\0004\000.\0001\000\040\213\241\173\227\166\204\145\110\147\234}{chapter.4}% 53
\BOOKMARK [1][]{section.4.2}{\376\377\0004\000.\0002\000\040\000E\000X\000P\000L\000I\000C\000I\000T\000-\000R\000E\000F\000S\377\032\146\076\137\017\137\025\165\050\213\355\212\000}{chapter.4}% 54
\BOOKMARK [2][]{subsection.4.2.1}{\376\377\0004\000.\0002\000.\0001\000\040\133\130\120\250\126\150\117\040\220\022\211\304\203\003}{section.4.2}% 55
\BOOKMARK [2][]{subsection.4.2.2}{\376\377\0004\000.\0002\000.\0002\000\040\133\232\116\111\146\076\137\017\137\025\165\050\144\315\117\134}{section.4.2}% 56
\BOOKMARK [2][]{subsection.4.2.3}{\376\377\0004\000.\0002\000.\0003\000\040\133\236\163\260}{section.4.2}% 57
\BOOKMARK [1][]{section.4.3}{\376\377\0004\000.\0003\000\040\000I\000M\000P\000L\000I\000C\000I\000T\000-\000R\000E\000F\000S\377\032\226\220\137\017\137\025\165\050\213\355\212\000}{chapter.4}% 58
\BOOKMARK [2][]{subsection.4.3.1}{\376\377\0004\000.\0003\000.\0001\000\040\211\304\203\003}{section.4.3}% 59
\BOOKMARK [2][]{subsection.4.3.2}{\376\377\0004\000.\0003\000.\0002\000\040\133\236\163\260}{section.4.3}% 60
\BOOKMARK [1][]{section.4.4}{\376\377\0004\000.\0004\000\040\000M\000U\000T\000A\000B\000L\000E\000-\000P\000A\000I\000R\000S\377\032\123\357\123\330\136\217\133\371\213\355\212\000}{chapter.4}% 61
\BOOKMARK [2][]{subsection.4.4.1}{\376\377\0004\000.\0004\000.\0001\000\040\133\236\163\260}{section.4.4}% 62
\BOOKMARK [2][]{subsection.4.4.2}{\376\377\0004\000.\0004\000.\0002\000\040\123\357\123\330\136\217\133\371\166\204\123\346\116\000\171\315\210\150\171\072}{section.4.4}% 63
\BOOKMARK [1][]{section.4.5}{\376\377\0004\000.\0005\000\040\117\040\123\302\123\330\117\123}{chapter.4}% 64
\BOOKMARK [2][]{subsection.4.5.1}{\376\377\0004\000.\0005\000.\0001\000\040\143\011\143\007\214\003\165\050}{section.4.5}% 65
\BOOKMAR